(expts) PS C:\Users\Praveen.TN\Downloads\Experiments\Understanding> python main.py --mode full_training
Using device: cpu
2025-07-02 13:30:10,595 - INFO - ============================================================
2025-07-02 13:30:10,595 - INFO - ENHANCED UNDERSTANDING FRAMEWORK
2025-07-02 13:30:10,595 - INFO - ============================================================
2025-07-02 13:30:10,595 - INFO - Mode: full_training
2025-07-02 13:30:10,596 - INFO - Device: cpu
2025-07-02 13:30:10,596 - INFO - Results directory: results_20250702_133010
2025-07-02 13:30:10,596 - INFO - Starting Full Training (30-60 minutes)
2025-07-02 13:30:10,619 - INFO - Model parameters: 1,910,679
2025-07-02 13:30:10,619 - INFO - Starting meta-training with human-like mechanisms...
INFO:meta_training:Starting enhanced meta-training for 1000 iterations
Meta-training:   0%|                                                                                                                                                                                               | 0/1000 [00:00<?, ?it/s]INFO:meta_training:Iter 0: Meta loss = 1.4658, Inner loss = 1.4182, Active schemas = 1, WM slots = 7, LR = 0.001000
Meta-training:   2%|████▎                                                                                                                                                                                 | 24/1000 [00:02<01:30, 10.84it/s]INFO:meta_training:Iter 25: Meta loss = 1.6217, Inner loss = 1.5996, Active schemas = 1, WM slots = 7, LR = 0.000998
Meta-training:   5%|████████▉                                                                                                                                                                             | 49/1000 [00:04<01:36,  9.88it/s]INFO:meta_training:Iter 50: Forgot 0 schemas, 1 remain active
INFO:meta_training:Iter 50: Test accuracy = 0.200
INFO:meta_training:Iter 50: Meta loss = 1.4958, Inner loss = 1.7143, Active schemas = 1, WM slots = 7, LR = 0.000994
Meta-training:   7%|█████████████▍                                                                                                                                                                        | 74/1000 [00:07<01:27, 10.52it/s]INFO:meta_training:Iter 75: Meta loss = 1.7379, Inner loss = 1.7170, Active schemas = 1, WM slots = 7, LR = 0.000986
Meta-training:  10%|██████████████████                                                                                                                                                                   | 100/1000 [00:10<01:26, 10.39it/s]INFO:meta_training:Iter 100: Forgot 0 schemas, 1 remain active
INFO:meta_training:Iter 100: Memory consolidation completed
INFO:meta_training:Iter 100: Test accuracy = 0.280
INFO:meta_training:Iter 100: Meta loss = 1.6180, Inner loss = 1.6314, Active schemas = 1, WM slots = 7, LR = 0.000975
Meta-training:  12%|██████████████████████▋                                                                                                                                                              | 125/1000 [00:12<01:55,  7.59it/s]INFO:meta_training:Iter 125: Meta loss = 1.6237, Inner loss = 1.6315, Active schemas = 1, WM slots = 7, LR = 0.000961
Meta-training:  15%|██████████████████████████▉                                                                                                                                                          | 149/1000 [00:15<01:20, 10.52it/s]INFO:meta_training:Iter 150: Forgot 0 schemas, 1 remain active
INFO:meta_training:Iter 150: Test accuracy = 0.320
INFO:meta_training:Iter 150: Meta loss = 1.5345, Inner loss = 1.5650, Active schemas = 1, WM slots = 7, LR = 0.000945
Meta-training:  18%|███████████████████████████████▋                                                                                                                                                     | 175/1000 [00:18<01:28,  9.34it/s]INFO:meta_training:Iter 175: Meta loss = 1.5475, Inner loss = 1.4723, Active schemas = 1, WM slots = 7, LR = 0.000925
Meta-training:  20%|████████████████████████████████████                                                                                                                                                 | 199/1000 [00:20<01:17, 10.35it/s]INFO:meta_training:Iter 200: Forgot 0 schemas, 1 remain active
INFO:meta_training:Iter 200: Memory consolidation completed
INFO:meta_training:Iter 200: Test accuracy = 0.507
INFO:meta_training:Iter 200: Meta loss = 1.7030, Inner loss = 1.5693, Active schemas = 1, WM slots = 7, LR = 0.000904
Meta-training:  22%|████████████████████████████████████████▋                                                                                                                                            | 225/1000 [00:23<01:29,  8.69it/s]INFO:meta_training:Iter 225: Meta loss = nan, Inner loss = nan, Active schemas = 1, WM slots = 7, LR = 0.000879
Meta-training:  25%|█████████████████████████████████████████████▎                                                                                                                                       | 250/1000 [00:26<01:28,  8.48it/s]INFO:meta_training:Iter 250: Forgot 0 schemas, 1 remain active
INFO:meta_training:Iter 250: Test accuracy = 0.173
INFO:meta_training:Iter 250: Meta loss = nan, Inner loss = nan, Active schemas = 1, WM slots = 7, LR = 0.000852
Meta-training:  28%|█████████████████████████████████████████████████▊                                                                                                                                   | 275/1000 [00:29<01:26,  8.35it/s]INFO:meta_training:Iter 275: Meta loss = nan, Inner loss = nan, Active schemas = 1, WM slots = 7, LR = 0.000824
Meta-training:  30%|██████████████████████████████████████████████████████▎                                                                                                                              | 300/1000 [00:32<01:18,  8.91it/s]INFO:meta_training:Iter 300: Forgot 0 schemas, 1 remain active
INFO:meta_training:Iter 300: Memory consolidation completed
INFO:meta_training:Iter 300: Test accuracy = 0.160
INFO:meta_training:Iter 300: Meta loss = nan, Inner loss = nan, Active schemas = 1, WM slots = 7, LR = 0.000793
Meta-training:  32%|██████████████████████████████████████████████████████████▊                                                                                                                          | 325/1000 [00:35<01:18,  8.62it/s]INFO:meta_training:Iter 325: Meta loss = nan, Inner loss = nan, Active schemas = 1, WM slots = 7, LR = 0.000760
Meta-training:  35%|███████████████████████████████████████████████████████████████▎                                                                                                                     | 350/1000 [00:38<01:12,  8.93it/s]INFO:meta_training:Iter 350: Forgot 0 schemas, 1 remain active
INFO:meta_training:Iter 350: Test accuracy = 0.200
INFO:meta_training:Iter 350: Meta loss = nan, Inner loss = nan, Active schemas = 1, WM slots = 7, LR = 0.000726
Meta-training:  38%|███████████████████████████████████████████████████████████████████▉                                                                                                                 | 375/1000 [00:41<01:14,  8.37it/s]INFO:meta_training:Iter 375: Meta loss = nan, Inner loss = nan, Active schemas = 1, WM slots = 7, LR = 0.000690
Meta-training:  40%|████████████████████████████████████████████████████████████████████████▍                                                                                                            | 400/1000 [00:44<01:05,  9.14it/s]INFO:meta_training:Iter 400: Forgot 0 schemas, 1 remain active
INFO:meta_training:Iter 400: Memory consolidation completed
INFO:meta_training:Iter 400: Test accuracy = 0.187
INFO:meta_training:Iter 400: Meta loss = nan, Inner loss = nan, Active schemas = 1, WM slots = 7, LR = 0.000653
Meta-training:  42%|████████████████████████████████████████████████████████████████████████████▉                                                                                                        | 425/1000 [00:47<01:08,  8.44it/s]INFO:meta_training:Iter 425: Meta loss = nan, Inner loss = nan, Active schemas = 1, WM slots = 7, LR = 0.000615
Meta-training:  45%|█████████████████████████████████████████████████████████████████████████████████▍                                                                                                   | 450/1000 [00:50<01:02,  8.76it/s]INFO:meta_training:Iter 450: Forgot 0 schemas, 1 remain active
INFO:meta_training:Iter 450: Test accuracy = 0.200
INFO:meta_training:Iter 450: Meta loss = nan, Inner loss = nan, Active schemas = 1, WM slots = 7, LR = 0.000577
Meta-training:  48%|█████████████████████████████████████████████████████████████████████████████████████▉                                                                                               | 475/1000 [00:54<01:06,  7.88it/s]INFO:meta_training:Iter 475: Meta loss = nan, Inner loss = nan, Active schemas = 1, WM slots = 7, LR = 0.000538
Meta-training:  50%|██████████████████████████████████████████████████████████████████████████████████████████▌                                                                                          | 500/1000 [00:56<00:57,  8.74it/s]INFO:meta_training:Iter 500: Forgot 0 schemas, 1 remain active
INFO:meta_training:Iter 500: Memory consolidation completed
INFO:meta_training:Iter 500: Test accuracy = 0.173
INFO:meta_training:Iter 500: Meta loss = nan, Inner loss = nan, Active schemas = 1, WM slots = 7, LR = 0.000498
Meta-training:  52%|███████████████████████████████████████████████████████████████████████████████████████████████                                                                                      | 525/1000 [01:00<00:58,  8.14it/s]INFO:meta_training:Iter 525: Meta loss = nan, Inner loss = nan, Active schemas = 1, WM slots = 7, LR = 0.000459
Meta-training:  55%|███████████████████████████████████████████████████████████████████████████████████████████████████▌                                                                                 | 550/1000 [01:03<00:54,  8.32it/s]INFO:meta_training:Iter 550: Forgot 0 schemas, 1 remain active
INFO:meta_training:Iter 550: Test accuracy = 0.200
INFO:meta_training:Iter 550: Meta loss = nan, Inner loss = nan, Active schemas = 1, WM slots = 7, LR = 0.000420
Meta-training:  57%|████████████████████████████████████████████████████████████████████████████████████████████████████████                                                                             | 575/1000 [01:06<00:47,  9.00it/s]INFO:meta_training:Iter 575: Meta loss = nan, Inner loss = nan, Active schemas = 1, WM slots = 7, LR = 0.000382
Meta-training:  60%|████████████████████████████████████████████████████████████████████████████████████████████████████████████▌                                                                        | 600/1000 [01:09<00:48,  8.33it/s]INFO:meta_training:Iter 600: Forgot 0 schemas, 1 remain active
INFO:meta_training:Iter 600: Memory consolidation completed
INFO:meta_training:Iter 600: Test accuracy = 0.200
INFO:meta_training:Iter 600: Meta loss = nan, Inner loss = nan, Active schemas = 1, WM slots = 7, LR = 0.000344
Meta-training:  62%|█████████████████████████████████████████████████████████████████████████████████████████████████████████████████▏                                                                   | 625/1000 [01:13<00:52,  7.19it/s]INFO:meta_training:Iter 625: Meta loss = nan, Inner loss = nan, Active schemas = 1, WM slots = 7, LR = 0.000307
Meta-training:  65%|█████████████████████████████████████████████████████████████████████████████████████████████████████████████████████▋                                                               | 650/1000 [01:16<00:43,  7.98it/s]INFO:meta_training:Iter 650: Forgot 0 schemas, 1 remain active
INFO:meta_training:Iter 650: Test accuracy = 0.200
INFO:meta_training:Iter 650: Meta loss = nan, Inner loss = nan, Active schemas = 1, WM slots = 7, LR = 0.000272
Meta-training:  68%|██████████████████████████████████████████████████████████████████████████████████████████████████████████████████████████▏                                                          | 675/1000 [01:19<00:38,  8.42it/s]INFO:meta_training:Iter 675: Meta loss = nan, Inner loss = nan, Active schemas = 1, WM slots = 7, LR = 0.000237
Meta-training:  70%|██████████████████████████████████████████████████████████████████████████████████████████████████████████████████████████████▋                                                      | 700/1000 [01:22<00:34,  8.75it/s]INFO:meta_training:Iter 700: Forgot 0 schemas, 1 remain active
INFO:meta_training:Iter 700: Memory consolidation completed
INFO:meta_training:Iter 700: Test accuracy = 0.187
INFO:meta_training:Iter 700: Meta loss = nan, Inner loss = nan, Active schemas = 1, WM slots = 7, LR = 0.000205
Meta-training:  72%|███████████████████████████████████████████████████████████████████████████████████████████████████████████████████████████████████▏                                                 | 725/1000 [01:25<00:31,  8.66it/s]INFO:meta_training:Iter 725: Meta loss = nan, Inner loss = nan, Active schemas = 1, WM slots = 7, LR = 0.000174
Meta-training:  75%|███████████████████████████████████████████████████████████████████████████████████████████████████████████████████████████████████████▊                                             | 750/1000 [01:28<00:29,  8.40it/s]INFO:meta_training:Iter 750: Forgot 0 schemas, 1 remain active
INFO:meta_training:Iter 750: Test accuracy = 0.187
INFO:meta_training:Iter 750: Meta loss = nan, Inner loss = nan, Active schemas = 1, WM slots = 7, LR = 0.000145
Meta-training:  78%|████████████████████████████████████████████████████████████████████████████████████████████████████████████████████████████████████████████▎                                        | 775/1000 [01:31<00:27,  8.32it/s]INFO:meta_training:Iter 775: Meta loss = nan, Inner loss = nan, Active schemas = 1, WM slots = 7, LR = 0.000119
Meta-training:  80%|████████████████████████████████████████████████████████████████████████████████████████████████████████████████████████████████████████████████▊                                    | 800/1000 [01:34<00:22,  8.71it/s]INFO:meta_training:Iter 800: Forgot 0 schemas, 1 remain active
INFO:meta_training:Iter 800: Memory consolidation completed
INFO:meta_training:Iter 800: Test accuracy = 0.147
INFO:meta_training:Iter 800: Meta loss = nan, Inner loss = nan, Active schemas = 1, WM slots = 7, LR = 0.000095
Meta-training:  82%|█████████████████████████████████████████████████████████████████████████████████████████████████████████████████████████████████████████████████████▎                               | 825/1000 [01:37<00:20,  8.45it/s]INFO:meta_training:Iter 825: Meta loss = nan, Inner loss = nan, Active schemas = 1, WM slots = 7, LR = 0.000073
Meta-training:  85%|█████████████████████████████████████████████████████████████████████████████████████████████████████████████████████████████████████████████████████████▊                           | 850/1000 [01:40<00:18,  7.99it/s]INFO:meta_training:Iter 850: Forgot 0 schemas, 1 remain active
INFO:meta_training:Iter 850: Test accuracy = 0.253
INFO:meta_training:Iter 850: Meta loss = nan, Inner loss = nan, Active schemas = 1, WM slots = 7, LR = 0.000054
Meta-training:  88%|██████████████████████████████████████████████████████████████████████████████████████████████████████████████████████████████████████████████████████████████▍                      | 875/1000 [01:44<00:15,  8.32it/s]INFO:meta_training:Iter 875: Meta loss = nan, Inner loss = nan, Active schemas = 1, WM slots = 7, LR = 0.000037
Meta-training:  90%|██████████████████████████████████████████████████████████████████████████████████████████████████████████████████████████████████████████████████████████████████▉                  | 900/1000 [01:47<00:11,  8.80it/s]INFO:meta_training:Iter 900: Forgot 0 schemas, 1 remain active
INFO:meta_training:Iter 900: Memory consolidation completed
INFO:meta_training:Iter 900: Test accuracy = 0.160
INFO:meta_training:Iter 900: Meta loss = nan, Inner loss = nan, Active schemas = 1, WM slots = 7, LR = 0.000024
Meta-training:  92%|███████████████████████████████████████████████████████████████████████████████████████████████████████████████████████████████████████████████████████████████████████▍             | 925/1000 [01:50<00:08,  8.40it/s]INFO:meta_training:Iter 925: Meta loss = nan, Inner loss = nan, Active schemas = 1, WM slots = 7, LR = 0.000013
Meta-training:  95%|███████████████████████████████████████████████████████████████████████████████████████████████████████████████████████████████████████████████████████████████████████████▉         | 950/1000 [01:53<00:06,  7.91it/s]INFO:meta_training:Iter 950: Forgot 0 schemas, 1 remain active
INFO:meta_training:Iter 950: Test accuracy = 0.133
INFO:meta_training:Iter 950: Meta loss = nan, Inner loss = nan, Active schemas = 1, WM slots = 7, LR = 0.000006
Meta-training:  98%|████████████████████████████████████████████████████████████████████████████████████████████████████████████████████████████████████████████████████████████████████████████████▍    | 975/1000 [01:57<00:03,  6.85it/s]INFO:meta_training:Iter 975: Meta loss = nan, Inner loss = nan, Active schemas = 1, WM slots = 7, LR = 0.000001
Meta-training: 100%|████████████████████████████████████████████████████████████████████████████████████████████████████████████████████████████████████████████████████████████████████████████████████| 1000/1000 [02:01<00:00,  8.26it/s] 
INFO:meta_training:Meta-training completed!
INFO:meta_training:
==================================================
INFO:meta_training:ENHANCED UNDERSTANDING MODEL TRAINING REPORT
INFO:meta_training:==================================================
INFO:meta_training:
Final Model Statistics:
INFO:meta_training:  Active Schemas: 1
INFO:meta_training:  Working Memory Usage: 7/7 slots
INFO:meta_training:  Average Schema Importance: 5.000
INFO:meta_training:  Training Steps: 98.0
INFO:meta_training:
Final Test Accuracy: 0.133
INFO:meta_training:
Memory Dynamics:
INFO:meta_training:  Total Forgetting Events: 98
INFO:meta_training:  Total Schemas Forgotten: 0
INFO:meta_training:  Consolidation Events: 9
INFO:meta_training:
Memory System Health:
INFO:meta_training:  Max Schemas Used: 1
INFO:meta_training:  Max WM Slots Used: 7
INFO:meta_training:  Memory System Active: YES
INFO:meta_training:
Training completed successfully!
INFO:meta_training:==================================================
2025-07-02 13:32:14,349 - INFO - Model saved to results_20250702_133010\model_checkpoint.pth
INFO:__main__:Model saved to results_20250702_133010\model_checkpoint.pth
2025-07-02 13:32:14,349 - INFO - Running comprehensive human-like evaluation...
INFO:__main__:Running comprehensive human-like evaluation...
Starting Comprehensive Human-Like Learning Evaluation
============================================================

1. Testing Forgetting Curves...
Testing forgetting: 100%|█████████████████████████████████████████████████████████████████████████████████████████████████████████████████████████████████████████████████████████████████████████████████████| 8/8 [00:02<00:00,  3.08it/s]

2. Testing Interference Effects...
Testing retroactive interference: 100%|███████████████████████████████████████████████████████████████████████████████████████████████████████████████████████████████████████████████████████████████████████| 8/8 [00:01<00:00,  4.35it/s]

3. Testing Consolidation Benefits...
Testing consolidation: 100%|██████████████████████████████████████████████████████████████████████████████████████████████████████████████████████████████████████████████████████████████████████████████████| 8/8 [00:02<00:00,  3.85it/s]

4. Testing Cross-Domain Transfer...

5. Testing Working Memory Limits...

6. Testing Schema Induction...

7. Testing Emotional Salience...

============================================================
HUMAN-LIKE LEARNING EVALUATION REPORT
============================================================

1. FORGETTING CURVES:
   Follows Ebbinghaus Pattern: NO
   R² Fit: 0.000
   Actual Forgetting Detected: NO
   Decay Parameters: a=0.000, b=1.000, c=0.750

2. INTERFERENCE EFFECTS:
   Retroactive Interference: NO
   Similar vs Dissimilar: 0.000 vs 0.000
   Proactive Interference: NO
   Learning Impairment: -0.017

3. CONSOLIDATION BENEFITS:
   Significant Benefit: NO
   Performance Improvement: 0.000
   With/Without Consolidation: 0.142 vs 0.142

4. WORKING MEMORY:
   Estimated Span: 3 items
   Follows Miller's Rule (7±2): NO

5. CROSS-DOMAIN TRANSFER:
   Overall Transfer Quality: 0.200
   1-shot accuracy: 0.200
   3-shot accuracy: 0.200
   5-shot accuracy: 0.200

6. SCHEMA INDUCTION:
   XOR Pattern: YES (Transfer: 0.500)
   Sequence Pattern: NO (Transfer: 0.200)

7. EMOTIONAL SALIENCE:
   Significant Effect: NO
   Emotional Advantage: -0.147
   Emotional vs Neutral: 0.147 vs 0.293

============================================================
OVERALL HUMAN-LIKENESS SCORE: 0.91/10
============================================================
2025-07-02 13:32:35,204 - INFO - Full training completed! Results saved to results_20250702_133010
INFO:__main__:Full training completed! Results saved to results_20250702_133010
2025-07-02 13:32:35,204 - INFO - ============================================================
INFO:__main__:============================================================
2025-07-02 13:32:35,205 - INFO - EXECUTION COMPLETED SUCCESSFULLY!
INFO:__main__:EXECUTION COMPLETED SUCCESSFULLY!
2025-07-02 13:32:35,205 - INFO - Total duration: 144.6 seconds (2.4 minutes)
INFO:__main__:Total duration: 144.6 seconds (2.4 minutes)
2025-07-02 13:32:35,206 - INFO - Results saved to: results_20250702_133010
INFO:__main__:Results saved to: results_20250702_133010
2025-07-02 13:32:35,206 - INFO - ============================================================
INFO:__main__:============================================================

SUCCESS! Check 'results_20250702_133010' for detailed results and plots.
Human-likeness Score: 0.0/10
(expts) PS C:\Users\Praveen.TN\Downloads\Experiments\Understanding> 